<?xml version="1.0" encoding="UTF-8"?>
<!-- Generated by org.testng.reporters.JUnitReportReporter -->
<testsuite hostname="Atalya" failures="0" tests="1" name="com.test.HomePageTest" time="1.592" errors="0" timestamp="2024-04-20T11:29:56 WIB" skipped="0">
  <testcase classname="com.test.HomePageTest" name="buttonTest" time="1.592"/>
  <system-out/>
</testsuite> <!-- com.test.HomePageTest -->
